[2024-07-30T18:23:26.929+0000] {manager.py:488} INFO - Processing files using up to 2 processes at a time 
[2024-07-30T18:23:26.933+0000] {manager.py:489} INFO - Process each file at most once every 30 seconds
[2024-07-30T18:23:26.934+0000] {manager.py:490} INFO - Checking for new files in /opt/airflow/dags every 300 seconds
[2024-07-30T18:23:26.935+0000] {manager.py:760} INFO - Searching for files in /opt/airflow/dags
[2024-07-30T18:23:26.943+0000] {manager.py:763} INFO - There are 1 files in /opt/airflow/dags
[2024-07-30T18:23:27.066+0000] {manager.py:888} INFO - 
================================================================================
DAG File Processing Stats

File Path                                                  PID  Runtime      # DAGs    # Errors  Last Runtime    Last Run
-------------------------------------------------------  -----  ---------  --------  ----------  --------------  ----------
/opt/airflow/dags/osm_to_geojson_to_html_mongodb_dag.py    167  0.04s             0           0
================================================================================
[2024-07-30T18:23:54.969+0000] {manager.py:470} INFO - Exiting gracefully upon receiving signal 15
[2024-07-30T18:26:05.556+0000] {manager.py:488} INFO - Processing files using up to 2 processes at a time 
[2024-07-30T18:26:05.557+0000] {manager.py:489} INFO - Process each file at most once every 30 seconds
[2024-07-30T18:26:05.557+0000] {manager.py:490} INFO - Checking for new files in /opt/airflow/dags every 300 seconds
[2024-07-30T18:26:05.558+0000] {manager.py:760} INFO - Searching for files in /opt/airflow/dags
[2024-07-30T18:26:05.560+0000] {manager.py:763} INFO - There are 1 files in /opt/airflow/dags
[2024-07-30T18:26:05.662+0000] {manager.py:888} INFO - 
================================================================================
DAG File Processing Stats

File Path                                                  PID  Runtime      # DAGs    # Errors  Last Runtime    Last Run
-------------------------------------------------------  -----  ---------  --------  ----------  --------------  ----------
/opt/airflow/dags/osm_to_geojson_to_html_mongodb_dag.py    165  0.03s             0           0
================================================================================
[2024-07-30T18:26:36.041+0000] {manager.py:888} INFO - 
================================================================================
DAG File Processing Stats

File Path                                                  PID  Runtime      # DAGs    # Errors  Last Runtime    Last Run
-------------------------------------------------------  -----  ---------  --------  ----------  --------------  -------------------
/opt/airflow/dags/osm_to_geojson_to_html_mongodb_dag.py    171  0.03s             0           1  0.09s           2024-07-30T18:26:05
================================================================================
[2024-07-30T18:26:44.674+0000] {manager.py:470} INFO - Exiting gracefully upon receiving signal 15
[2024-07-30T18:26:57.800+0000] {manager.py:488} INFO - Processing files using up to 2 processes at a time 
[2024-07-30T18:26:57.801+0000] {manager.py:489} INFO - Process each file at most once every 30 seconds
[2024-07-30T18:26:57.801+0000] {manager.py:490} INFO - Checking for new files in /opt/airflow/dags every 300 seconds
[2024-07-30T18:26:57.801+0000] {manager.py:760} INFO - Searching for files in /opt/airflow/dags
[2024-07-30T18:26:57.803+0000] {manager.py:763} INFO - There are 1 files in /opt/airflow/dags
[2024-07-30T18:26:57.908+0000] {manager.py:888} INFO - 
================================================================================
DAG File Processing Stats

File Path                                                  PID  Runtime      # DAGs    # Errors  Last Runtime    Last Run
-------------------------------------------------------  -----  ---------  --------  ----------  --------------  ----------
/opt/airflow/dags/osm_to_geojson_to_html_mongodb_dag.py    166  0.03s             0           0
================================================================================
[2024-07-30T18:27:28.240+0000] {manager.py:888} INFO - 
================================================================================
DAG File Processing Stats

File Path                                                  PID  Runtime      # DAGs    # Errors  Last Runtime    Last Run
-------------------------------------------------------  -----  ---------  --------  ----------  --------------  -------------------
/opt/airflow/dags/osm_to_geojson_to_html_mongodb_dag.py    171  0.03s             0           1  0.08s           2024-07-30T18:26:57
================================================================================
[2024-07-30T18:27:58.622+0000] {manager.py:888} INFO - 
================================================================================
DAG File Processing Stats

File Path                                                  PID  Runtime      # DAGs    # Errors  Last Runtime    Last Run
-------------------------------------------------------  -----  ---------  --------  ----------  --------------  -------------------
/opt/airflow/dags/osm_to_geojson_to_html_mongodb_dag.py    176  0.02s             0           1  0.13s           2024-07-30T18:27:28
================================================================================
[2024-07-30T18:28:06.163+0000] {manager.py:470} INFO - Exiting gracefully upon receiving signal 15
[2024-07-30T18:28:25.690+0000] {manager.py:488} INFO - Processing files using up to 2 processes at a time 
[2024-07-30T18:28:25.691+0000] {manager.py:489} INFO - Process each file at most once every 30 seconds
[2024-07-30T18:28:25.691+0000] {manager.py:490} INFO - Checking for new files in /opt/airflow/dags every 300 seconds
[2024-07-30T18:28:25.692+0000] {manager.py:760} INFO - Searching for files in /opt/airflow/dags
[2024-07-30T18:28:25.699+0000] {manager.py:763} INFO - There are 1 files in /opt/airflow/dags
[2024-07-30T18:28:25.806+0000] {manager.py:888} INFO - 
================================================================================
DAG File Processing Stats

File Path                                                  PID  Runtime      # DAGs    # Errors  Last Runtime    Last Run
-------------------------------------------------------  -----  ---------  --------  ----------  --------------  ----------
/opt/airflow/dags/osm_to_geojson_to_html_mongodb_dag.py    167  0.03s             0           0
================================================================================
[2024-07-30T18:28:56.100+0000] {manager.py:888} INFO - 
================================================================================
DAG File Processing Stats

File Path                                                  PID  Runtime      # DAGs    # Errors  Last Runtime    Last Run
-------------------------------------------------------  -----  ---------  --------  ----------  --------------  -------------------
/opt/airflow/dags/osm_to_geojson_to_html_mongodb_dag.py    173  0.00s             0           1  0.10s           2024-07-30T18:28:25
================================================================================
[2024-07-30T18:28:56.598+0000] {manager.py:470} INFO - Exiting gracefully upon receiving signal 15
[2024-07-30T18:29:14.116+0000] {manager.py:488} INFO - Processing files using up to 2 processes at a time 
[2024-07-30T18:29:14.118+0000] {manager.py:489} INFO - Process each file at most once every 30 seconds
[2024-07-30T18:29:14.119+0000] {manager.py:490} INFO - Checking for new files in /opt/airflow/dags every 300 seconds
[2024-07-30T18:29:14.120+0000] {manager.py:760} INFO - Searching for files in /opt/airflow/dags
[2024-07-30T18:29:14.123+0000] {manager.py:763} INFO - There are 1 files in /opt/airflow/dags
[2024-07-30T18:29:14.275+0000] {manager.py:888} INFO - 
================================================================================
DAG File Processing Stats

File Path                                                  PID  Runtime      # DAGs    # Errors  Last Runtime    Last Run
-------------------------------------------------------  -----  ---------  --------  ----------  --------------  ----------
/opt/airflow/dags/osm_to_geojson_to_html_mongodb_dag.py    167  0.05s             0           0
================================================================================
[2024-07-30T18:29:44.587+0000] {manager.py:888} INFO - 
================================================================================
DAG File Processing Stats

File Path                                                  PID  Runtime      # DAGs    # Errors  Last Runtime    Last Run
-------------------------------------------------------  -----  ---------  --------  ----------  --------------  -------------------
/opt/airflow/dags/osm_to_geojson_to_html_mongodb_dag.py    172  0.03s             0           1  0.11s           2024-07-30T18:29:14
================================================================================
[2024-07-30T18:30:14.939+0000] {manager.py:888} INFO - 
================================================================================
DAG File Processing Stats

File Path                                                  PID  Runtime      # DAGs    # Errors  Last Runtime    Last Run
-------------------------------------------------------  -----  ---------  --------  ----------  --------------  -------------------
/opt/airflow/dags/osm_to_geojson_to_html_mongodb_dag.py    177  0.01s             0           1  0.13s           2024-07-30T18:29:44
================================================================================
[2024-07-30T18:30:45.369+0000] {manager.py:888} INFO - 
================================================================================
DAG File Processing Stats

File Path                                                  PID  Runtime      # DAGs    # Errors  Last Runtime    Last Run
-------------------------------------------------------  -----  ---------  --------  ----------  --------------  -------------------
/opt/airflow/dags/osm_to_geojson_to_html_mongodb_dag.py    182  0.02s             0           1  0.09s           2024-07-30T18:30:15
================================================================================
[2024-07-30T18:31:15.803+0000] {manager.py:888} INFO - 
================================================================================
DAG File Processing Stats

File Path                                                  PID  Runtime      # DAGs    # Errors  Last Runtime    Last Run
-------------------------------------------------------  -----  ---------  --------  ----------  --------------  -------------------
/opt/airflow/dags/osm_to_geojson_to_html_mongodb_dag.py    187  0.01s             0           1  0.14s           2024-07-30T18:30:45
================================================================================
[2024-07-30T18:31:46.219+0000] {manager.py:888} INFO - 
================================================================================
DAG File Processing Stats

File Path                                                  PID  Runtime      # DAGs    # Errors  Last Runtime    Last Run
-------------------------------------------------------  -----  ---------  --------  ----------  --------------  -------------------
/opt/airflow/dags/osm_to_geojson_to_html_mongodb_dag.py    192  0.01s             0           1  0.11s           2024-07-30T18:31:15
================================================================================
[2024-07-30T18:31:49.245+0000] {manager.py:470} INFO - Exiting gracefully upon receiving signal 15
[2024-07-30T18:31:58.879+0000] {manager.py:488} INFO - Processing files using up to 2 processes at a time 
[2024-07-30T18:31:58.882+0000] {manager.py:489} INFO - Process each file at most once every 30 seconds
[2024-07-30T18:31:58.882+0000] {manager.py:490} INFO - Checking for new files in /opt/airflow/dags every 300 seconds
[2024-07-30T18:31:58.884+0000] {manager.py:760} INFO - Searching for files in /opt/airflow/dags
[2024-07-30T18:31:58.892+0000] {manager.py:763} INFO - There are 1 files in /opt/airflow/dags
[2024-07-30T18:31:59.001+0000] {manager.py:888} INFO - 
================================================================================
DAG File Processing Stats

File Path                                                  PID  Runtime      # DAGs    # Errors  Last Runtime    Last Run
-------------------------------------------------------  -----  ---------  --------  ----------  --------------  ----------
/opt/airflow/dags/osm_to_geojson_to_html_mongodb_dag.py    167  0.03s             0           0
================================================================================
[2024-07-30T18:32:00.206+0000] {manager.py:470} INFO - Exiting gracefully upon receiving signal 15
[2024-07-30T18:42:26.655+0000] {manager.py:488} INFO - Processing files using up to 2 processes at a time 
[2024-07-30T18:42:26.657+0000] {manager.py:489} INFO - Process each file at most once every 30 seconds
[2024-07-30T18:42:26.658+0000] {manager.py:490} INFO - Checking for new files in /opt/airflow/dags every 300 seconds
[2024-07-30T18:42:26.659+0000] {manager.py:760} INFO - Searching for files in /opt/airflow/dags
[2024-07-30T18:42:26.678+0000] {manager.py:763} INFO - There are 1 files in /opt/airflow/dags
[2024-07-30T18:42:26.836+0000] {manager.py:888} INFO - 
================================================================================
DAG File Processing Stats

File Path                                                  PID  Runtime      # DAGs    # Errors  Last Runtime    Last Run
-------------------------------------------------------  -----  ---------  --------  ----------  --------------  ----------
/opt/airflow/dags/osm_to_geojson_to_html_mongodb_dag.py    166  0.05s             0           0
================================================================================
[2024-07-30T18:42:57.114+0000] {manager.py:888} INFO - 
================================================================================
DAG File Processing Stats

File Path                                                  PID  Runtime      # DAGs    # Errors  Last Runtime    Last Run
-------------------------------------------------------  -----  ---------  --------  ----------  --------------  -------------------
/opt/airflow/dags/osm_to_geojson_to_html_mongodb_dag.py    171  0.01s             0           1  0.10s           2024-07-30T18:42:26
================================================================================
[2024-07-30T18:43:27.493+0000] {manager.py:888} INFO - 
================================================================================
DAG File Processing Stats

File Path                                                  PID  Runtime      # DAGs    # Errors  Last Runtime    Last Run
-------------------------------------------------------  -----  ---------  --------  ----------  --------------  -------------------
/opt/airflow/dags/osm_to_geojson_to_html_mongodb_dag.py    176  0.01s             0           1  0.12s           2024-07-30T18:42:57
================================================================================
[2024-07-30T18:43:57.981+0000] {manager.py:888} INFO - 
================================================================================
DAG File Processing Stats

File Path                                                  PID  Runtime      # DAGs    # Errors  Last Runtime    Last Run
-------------------------------------------------------  -----  ---------  --------  ----------  --------------  -------------------
/opt/airflow/dags/osm_to_geojson_to_html_mongodb_dag.py    181  0.02s             0           1  0.10s           2024-07-30T18:43:27
================================================================================
[2024-07-30T18:44:28.370+0000] {manager.py:888} INFO - 
================================================================================
DAG File Processing Stats

File Path                                                  PID  Runtime      # DAGs    # Errors  Last Runtime    Last Run
-------------------------------------------------------  -----  ---------  --------  ----------  --------------  -------------------
/opt/airflow/dags/osm_to_geojson_to_html_mongodb_dag.py    186  0.01s             0           1  0.12s           2024-07-30T18:43:58
================================================================================
[2024-07-30T18:44:58.730+0000] {manager.py:888} INFO - 
================================================================================
DAG File Processing Stats

File Path                                                  PID  Runtime      # DAGs    # Errors  Last Runtime    Last Run
-------------------------------------------------------  -----  ---------  --------  ----------  --------------  -------------------
/opt/airflow/dags/osm_to_geojson_to_html_mongodb_dag.py    191  0.02s             0           1  0.11s           2024-07-30T18:44:28
================================================================================
[2024-07-30T18:45:00.012+0000] {manager.py:470} INFO - Exiting gracefully upon receiving signal 15
[2024-07-30T18:45:39.795+0000] {manager.py:488} INFO - Processing files using up to 2 processes at a time 
[2024-07-30T18:45:39.796+0000] {manager.py:489} INFO - Process each file at most once every 30 seconds
[2024-07-30T18:45:39.796+0000] {manager.py:490} INFO - Checking for new files in /opt/airflow/dags every 300 seconds
[2024-07-30T18:45:39.797+0000] {manager.py:760} INFO - Searching for files in /opt/airflow/dags
[2024-07-30T18:45:39.799+0000] {manager.py:763} INFO - There are 1 files in /opt/airflow/dags
[2024-07-30T18:45:39.903+0000] {manager.py:888} INFO - 
================================================================================
DAG File Processing Stats

File Path                                                  PID  Runtime      # DAGs    # Errors  Last Runtime    Last Run
-------------------------------------------------------  -----  ---------  --------  ----------  --------------  ----------
/opt/airflow/dags/osm_to_geojson_to_html_mongodb_dag.py    166  0.04s             0           0
================================================================================
[2024-07-30T18:46:10.182+0000] {manager.py:888} INFO - 
================================================================================
DAG File Processing Stats

File Path                                                  PID  Runtime      # DAGs    # Errors  Last Runtime    Last Run
-------------------------------------------------------  -----  ---------  --------  ----------  --------------  -------------------
/opt/airflow/dags/osm_to_geojson_to_html_mongodb_dag.py    172  0.01s             0           1  0.10s           2024-07-30T18:45:39
================================================================================
[2024-07-30T18:46:40.544+0000] {manager.py:888} INFO - 
================================================================================
DAG File Processing Stats

File Path                                                  PID  Runtime      # DAGs    # Errors  Last Runtime    Last Run
-------------------------------------------------------  -----  ---------  --------  ----------  --------------  -------------------
/opt/airflow/dags/osm_to_geojson_to_html_mongodb_dag.py    177  0.01s             0           1  0.13s           2024-07-30T18:46:10
================================================================================
[2024-07-30T18:47:10.867+0000] {manager.py:888} INFO - 
================================================================================
DAG File Processing Stats

File Path                                                  PID  Runtime      # DAGs    # Errors  Last Runtime    Last Run
-------------------------------------------------------  -----  ---------  --------  ----------  --------------  -------------------
/opt/airflow/dags/osm_to_geojson_to_html_mongodb_dag.py    182  0.01s             0           1  0.10s           2024-07-30T18:46:40
================================================================================
[2024-07-30T18:47:41.313+0000] {manager.py:888} INFO - 
================================================================================
DAG File Processing Stats

File Path                                                  PID  Runtime      # DAGs    # Errors  Last Runtime    Last Run
-------------------------------------------------------  -----  ---------  --------  ----------  --------------  -------------------
/opt/airflow/dags/osm_to_geojson_to_html_mongodb_dag.py    187  0.01s             0           1  0.11s           2024-07-30T18:47:10
================================================================================
[2024-07-30T18:48:11.712+0000] {manager.py:888} INFO - 
================================================================================
DAG File Processing Stats

File Path                                                  PID  Runtime      # DAGs    # Errors  Last Runtime    Last Run
-------------------------------------------------------  -----  ---------  --------  ----------  --------------  -------------------
/opt/airflow/dags/osm_to_geojson_to_html_mongodb_dag.py    192  0.01s             0           1  0.10s           2024-07-30T18:47:41
================================================================================
[2024-07-30T18:48:42.166+0000] {manager.py:888} INFO - 
================================================================================
DAG File Processing Stats

File Path                                                  PID  Runtime      # DAGs    # Errors  Last Runtime    Last Run
-------------------------------------------------------  -----  ---------  --------  ----------  --------------  -------------------
/opt/airflow/dags/osm_to_geojson_to_html_mongodb_dag.py    197  0.01s             0           1  0.10s           2024-07-30T18:48:11
================================================================================
[2024-07-30T18:49:12.535+0000] {manager.py:888} INFO - 
================================================================================
DAG File Processing Stats

File Path                                                  PID  Runtime      # DAGs    # Errors  Last Runtime    Last Run
-------------------------------------------------------  -----  ---------  --------  ----------  --------------  -------------------
/opt/airflow/dags/osm_to_geojson_to_html_mongodb_dag.py    202  0.01s             0           1  0.09s           2024-07-30T18:48:42
================================================================================
[2024-07-30T18:49:42.947+0000] {manager.py:888} INFO - 
================================================================================
DAG File Processing Stats

File Path                                                  PID  Runtime      # DAGs    # Errors  Last Runtime    Last Run
-------------------------------------------------------  -----  ---------  --------  ----------  --------------  -------------------
/opt/airflow/dags/osm_to_geojson_to_html_mongodb_dag.py    207  0.01s             0           1  0.10s           2024-07-30T18:49:12
================================================================================
[2024-07-30T18:50:13.313+0000] {manager.py:888} INFO - 
================================================================================
DAG File Processing Stats

File Path                                                  PID  Runtime      # DAGs    # Errors  Last Runtime    Last Run
-------------------------------------------------------  -----  ---------  --------  ----------  --------------  -------------------
/opt/airflow/dags/osm_to_geojson_to_html_mongodb_dag.py    212  0.00s             0           1  0.10s           2024-07-30T18:49:43
================================================================================
[2024-07-30T18:50:40.680+0000] {manager.py:760} INFO - Searching for files in /opt/airflow/dags
[2024-07-30T18:50:40.691+0000] {manager.py:763} INFO - There are 1 files in /opt/airflow/dags
[2024-07-30T18:50:43.766+0000] {manager.py:888} INFO - 
================================================================================
DAG File Processing Stats

File Path                                                  PID  Runtime      # DAGs    # Errors  Last Runtime    Last Run
-------------------------------------------------------  -----  ---------  --------  ----------  --------------  -------------------
/opt/airflow/dags/osm_to_geojson_to_html_mongodb_dag.py    217  0.01s             0           1  0.07s           2024-07-30T18:50:13
================================================================================
[2024-07-30T18:51:14.146+0000] {manager.py:888} INFO - 
================================================================================
DAG File Processing Stats

File Path                                                  PID  Runtime      # DAGs    # Errors  Last Runtime    Last Run
-------------------------------------------------------  -----  ---------  --------  ----------  --------------  -------------------
/opt/airflow/dags/osm_to_geojson_to_html_mongodb_dag.py    222  0.01s             0           1  0.09s           2024-07-30T18:50:43
================================================================================
[2024-07-30T18:51:44.521+0000] {manager.py:888} INFO - 
================================================================================
DAG File Processing Stats

File Path                                                  PID  Runtime      # DAGs    # Errors  Last Runtime    Last Run
-------------------------------------------------------  -----  ---------  --------  ----------  --------------  -------------------
/opt/airflow/dags/osm_to_geojson_to_html_mongodb_dag.py    227  0.01s             0           1  0.10s           2024-07-30T18:51:14
================================================================================
[2024-07-30T18:52:14.880+0000] {manager.py:888} INFO - 
================================================================================
DAG File Processing Stats

File Path                                                  PID  Runtime      # DAGs    # Errors  Last Runtime    Last Run
-------------------------------------------------------  -----  ---------  --------  ----------  --------------  -------------------
/opt/airflow/dags/osm_to_geojson_to_html_mongodb_dag.py    232  0.01s             0           1  0.09s           2024-07-30T18:51:44
================================================================================
[2024-07-30T18:52:45.214+0000] {manager.py:888} INFO - 
================================================================================
DAG File Processing Stats

File Path                                                  PID  Runtime      # DAGs    # Errors  Last Runtime    Last Run
-------------------------------------------------------  -----  ---------  --------  ----------  --------------  -------------------
/opt/airflow/dags/osm_to_geojson_to_html_mongodb_dag.py    237  0.01s             0           1  0.09s           2024-07-30T18:52:14
================================================================================
[2024-07-30T18:53:15.569+0000] {manager.py:888} INFO - 
================================================================================
DAG File Processing Stats

File Path                                                  PID  Runtime      # DAGs    # Errors  Last Runtime    Last Run
-------------------------------------------------------  -----  ---------  --------  ----------  --------------  -------------------
/opt/airflow/dags/osm_to_geojson_to_html_mongodb_dag.py    242  0.03s             0           1  0.09s           2024-07-30T18:52:45
================================================================================
[2024-07-30T18:53:45.904+0000] {manager.py:888} INFO - 
================================================================================
DAG File Processing Stats

File Path                                                  PID  Runtime      # DAGs    # Errors  Last Runtime    Last Run
-------------------------------------------------------  -----  ---------  --------  ----------  --------------  -------------------
/opt/airflow/dags/osm_to_geojson_to_html_mongodb_dag.py    247  0.01s             0           1  0.18s           2024-07-30T18:53:15
================================================================================
[2024-07-30T18:54:16.276+0000] {manager.py:888} INFO - 
================================================================================
DAG File Processing Stats

File Path                                                  PID  Runtime      # DAGs    # Errors  Last Runtime    Last Run
-------------------------------------------------------  -----  ---------  --------  ----------  --------------  -------------------
/opt/airflow/dags/osm_to_geojson_to_html_mongodb_dag.py    252  0.00s             0           1  0.09s           2024-07-30T18:53:45
================================================================================
[2024-07-30T18:54:46.594+0000] {manager.py:888} INFO - 
================================================================================
DAG File Processing Stats

File Path                                                  PID  Runtime      # DAGs    # Errors  Last Runtime    Last Run
-------------------------------------------------------  -----  ---------  --------  ----------  --------------  -------------------
/opt/airflow/dags/osm_to_geojson_to_html_mongodb_dag.py    257  0.01s             0           1  0.09s           2024-07-30T18:54:16
================================================================================
[2024-07-30T18:54:56.403+0000] {manager.py:470} INFO - Exiting gracefully upon receiving signal 15
[2024-07-31T11:22:45.121+0000] {manager.py:487} INFO - Processing files using up to 2 processes at a time 
[2024-07-31T11:22:45.124+0000] {manager.py:488} INFO - Process each file at most once every 30 seconds
[2024-07-31T11:22:45.127+0000] {manager.py:489} INFO - Checking for new files in /opt/airflow/dags every 300 seconds
[2024-07-31T11:22:45.128+0000] {manager.py:755} INFO - Searching for files in /opt/airflow/dags
[2024-07-31T11:22:45.137+0000] {manager.py:758} INFO - There are 1 files in /opt/airflow/dags
[2024-07-31T11:22:45.269+0000] {manager.py:887} INFO - 
================================================================================
DAG File Processing Stats

File Path                                                  PID  Runtime      # DAGs    # Errors  Last Runtime    Last Run
-------------------------------------------------------  -----  ---------  --------  ----------  --------------  ----------
/opt/airflow/dags/osm_to_geojson_to_html_mongodb_dag.py    167  0.03s             0           0
================================================================================
[2024-07-31T11:23:15.580+0000] {manager.py:887} INFO - 
================================================================================
DAG File Processing Stats

File Path                                                  PID  Runtime      # DAGs    # Errors  Last Runtime    Last Run
-------------------------------------------------------  -----  ---------  --------  ----------  --------------  -------------------
/opt/airflow/dags/osm_to_geojson_to_html_mongodb_dag.py    172  0.03s             0           1  0.10s           2024-07-31T11:22:45
================================================================================
[2024-07-31T11:23:46.073+0000] {manager.py:887} INFO - 
================================================================================
DAG File Processing Stats

File Path                                                PID    Runtime      # DAGs    # Errors  Last Runtime    Last Run
-------------------------------------------------------  -----  ---------  --------  ----------  --------------  -------------------
/opt/airflow/dags/osm_to_geojson_to_html_mongodb_dag.py                           0           1  0.13s           2024-07-31T11:23:39
================================================================================
[2024-07-31T11:24:05.468+0000] {manager.py:469} INFO - Exiting gracefully upon receiving signal 15
[2024-07-31T11:24:34.480+0000] {manager.py:487} INFO - Processing files using up to 2 processes at a time 
[2024-07-31T11:24:34.481+0000] {manager.py:488} INFO - Process each file at most once every 30 seconds
[2024-07-31T11:24:34.481+0000] {manager.py:489} INFO - Checking for new files in /opt/airflow/dags every 300 seconds
[2024-07-31T11:24:34.482+0000] {manager.py:755} INFO - Searching for files in /opt/airflow/dags
[2024-07-31T11:24:34.485+0000] {manager.py:758} INFO - There are 1 files in /opt/airflow/dags
[2024-07-31T11:24:34.601+0000] {manager.py:887} INFO - 
================================================================================
DAG File Processing Stats

File Path                                                  PID  Runtime      # DAGs    # Errors  Last Runtime    Last Run
-------------------------------------------------------  -----  ---------  --------  ----------  --------------  ----------
/opt/airflow/dags/osm_to_geojson_to_html_mongodb_dag.py    167  0.03s             0           0
================================================================================
[2024-07-31T11:25:04.896+0000] {manager.py:887} INFO - 
================================================================================
DAG File Processing Stats

File Path                                                  PID  Runtime      # DAGs    # Errors  Last Runtime    Last Run
-------------------------------------------------------  -----  ---------  --------  ----------  --------------  -------------------
/opt/airflow/dags/osm_to_geojson_to_html_mongodb_dag.py    172  0.01s             0           1  0.09s           2024-07-31T11:24:34
================================================================================
[2024-07-31T11:25:35.260+0000] {manager.py:887} INFO - 
================================================================================
DAG File Processing Stats

File Path                                                  PID  Runtime      # DAGs    # Errors  Last Runtime    Last Run
-------------------------------------------------------  -----  ---------  --------  ----------  --------------  -------------------
/opt/airflow/dags/osm_to_geojson_to_html_mongodb_dag.py    177  0.01s             0           1  0.13s           2024-07-31T11:25:05
================================================================================
[2024-07-31T11:26:05.676+0000] {manager.py:887} INFO - 
================================================================================
DAG File Processing Stats

File Path                                                  PID  Runtime      # DAGs    # Errors  Last Runtime    Last Run
-------------------------------------------------------  -----  ---------  --------  ----------  --------------  -------------------
/opt/airflow/dags/osm_to_geojson_to_html_mongodb_dag.py    182  0.01s             0           1  0.10s           2024-07-31T11:25:35
================================================================================
[2024-07-31T11:26:36.113+0000] {manager.py:887} INFO - 
================================================================================
DAG File Processing Stats

File Path                                                PID    Runtime      # DAGs    # Errors  Last Runtime    Last Run
-------------------------------------------------------  -----  ---------  --------  ----------  --------------  -------------------
/opt/airflow/dags/osm_to_geojson_to_html_mongodb_dag.py                           0           1  0.14s           2024-07-31T11:26:27
================================================================================
[2024-07-31T11:26:36.810+0000] {manager.py:469} INFO - Exiting gracefully upon receiving signal 15
[2024-07-31T11:27:06.177+0000] {manager.py:487} INFO - Processing files using up to 2 processes at a time 
[2024-07-31T11:27:06.181+0000] {manager.py:488} INFO - Process each file at most once every 30 seconds
[2024-07-31T11:27:06.181+0000] {manager.py:489} INFO - Checking for new files in /opt/airflow/dags every 300 seconds
[2024-07-31T11:27:06.182+0000] {manager.py:755} INFO - Searching for files in /opt/airflow/dags
[2024-07-31T11:27:06.203+0000] {manager.py:758} INFO - There are 1 files in /opt/airflow/dags
[2024-07-31T11:27:06.324+0000] {manager.py:887} INFO - 
================================================================================
DAG File Processing Stats

File Path                                                  PID  Runtime      # DAGs    # Errors  Last Runtime    Last Run
-------------------------------------------------------  -----  ---------  --------  ----------  --------------  ----------
/opt/airflow/dags/osm_to_geojson_to_html_mongodb_dag.py    167  0.04s             0           0
================================================================================
[2024-07-31T11:27:36.639+0000] {manager.py:887} INFO - 
================================================================================
DAG File Processing Stats

File Path                                                  PID  Runtime      # DAGs    # Errors  Last Runtime    Last Run
-------------------------------------------------------  -----  ---------  --------  ----------  --------------  -------------------
/opt/airflow/dags/osm_to_geojson_to_html_mongodb_dag.py    172  0.01s             0           1  0.11s           2024-07-31T11:27:06
================================================================================
[2024-07-31T11:28:07.097+0000] {manager.py:887} INFO - 
================================================================================
DAG File Processing Stats

File Path                                                  PID  Runtime      # DAGs    # Errors  Last Runtime    Last Run
-------------------------------------------------------  -----  ---------  --------  ----------  --------------  -------------------
/opt/airflow/dags/osm_to_geojson_to_html_mongodb_dag.py    177  0.02s             0           1  0.14s           2024-07-31T11:27:36
================================================================================
[2024-07-31T11:28:37.635+0000] {manager.py:887} INFO - 
================================================================================
DAG File Processing Stats

File Path                                                  PID  Runtime      # DAGs    # Errors  Last Runtime    Last Run
-------------------------------------------------------  -----  ---------  --------  ----------  --------------  -------------------
/opt/airflow/dags/osm_to_geojson_to_html_mongodb_dag.py    182  0.02s             0           1  0.15s           2024-07-31T11:28:07
================================================================================
[2024-07-31T11:29:08.114+0000] {manager.py:887} INFO - 
================================================================================
DAG File Processing Stats

File Path                                                  PID  Runtime      # DAGs    # Errors  Last Runtime    Last Run
-------------------------------------------------------  -----  ---------  --------  ----------  --------------  -------------------
/opt/airflow/dags/osm_to_geojson_to_html_mongodb_dag.py    187  0.05s             0           1  0.13s           2024-07-31T11:28:37
================================================================================
[2024-07-31T11:29:38.545+0000] {manager.py:887} INFO - 
================================================================================
DAG File Processing Stats

File Path                                                  PID  Runtime      # DAGs    # Errors  Last Runtime    Last Run
-------------------------------------------------------  -----  ---------  --------  ----------  --------------  -------------------
/opt/airflow/dags/osm_to_geojson_to_html_mongodb_dag.py    192  0.03s             0           1  0.15s           2024-07-31T11:29:08
================================================================================
[2024-07-31T11:30:09.005+0000] {manager.py:887} INFO - 
================================================================================
DAG File Processing Stats

File Path                                                  PID  Runtime      # DAGs    # Errors  Last Runtime    Last Run
-------------------------------------------------------  -----  ---------  --------  ----------  --------------  -------------------
/opt/airflow/dags/osm_to_geojson_to_html_mongodb_dag.py    197  0.03s             0           1  0.16s           2024-07-31T11:29:38
================================================================================
[2024-07-31T11:30:39.395+0000] {manager.py:887} INFO - 
================================================================================
DAG File Processing Stats

File Path                                                  PID  Runtime      # DAGs    # Errors  Last Runtime    Last Run
-------------------------------------------------------  -----  ---------  --------  ----------  --------------  -------------------
/opt/airflow/dags/osm_to_geojson_to_html_mongodb_dag.py    202  0.01s             0           1  0.14s           2024-07-31T11:30:09
================================================================================
[2024-07-31T11:31:00.368+0000] {manager.py:469} INFO - Exiting gracefully upon receiving signal 15
[2024-07-31T11:31:31.102+0000] {manager.py:487} INFO - Processing files using up to 2 processes at a time 
[2024-07-31T11:31:31.103+0000] {manager.py:488} INFO - Process each file at most once every 30 seconds
[2024-07-31T11:31:31.103+0000] {manager.py:489} INFO - Checking for new files in /opt/airflow/dags every 300 seconds
[2024-07-31T11:31:31.104+0000] {manager.py:755} INFO - Searching for files in /opt/airflow/dags
[2024-07-31T11:31:31.107+0000] {manager.py:758} INFO - There are 1 files in /opt/airflow/dags
[2024-07-31T11:31:31.248+0000] {manager.py:887} INFO - 
================================================================================
DAG File Processing Stats

File Path                                                  PID  Runtime      # DAGs    # Errors  Last Runtime    Last Run
-------------------------------------------------------  -----  ---------  --------  ----------  --------------  ----------
/opt/airflow/dags/osm_to_geojson_to_html_mongodb_dag.py    167  0.05s             0           0
================================================================================
[2024-07-31T11:32:01.588+0000] {manager.py:887} INFO - 
================================================================================
DAG File Processing Stats

File Path                                                  PID  Runtime      # DAGs    # Errors  Last Runtime    Last Run
-------------------------------------------------------  -----  ---------  --------  ----------  --------------  -------------------
/opt/airflow/dags/osm_to_geojson_to_html_mongodb_dag.py    172  0.03s             0           1  0.12s           2024-07-31T11:31:31
================================================================================
[2024-07-31T11:32:18.440+0000] {manager.py:469} INFO - Exiting gracefully upon receiving signal 15
[2024-07-31T11:33:46.475+0000] {manager.py:487} INFO - Processing files using up to 2 processes at a time 
[2024-07-31T11:33:46.477+0000] {manager.py:488} INFO - Process each file at most once every 30 seconds
[2024-07-31T11:33:46.477+0000] {manager.py:489} INFO - Checking for new files in /opt/airflow/dags every 300 seconds
[2024-07-31T11:33:46.479+0000] {manager.py:755} INFO - Searching for files in /opt/airflow/dags
[2024-07-31T11:33:46.483+0000] {manager.py:758} INFO - There are 1 files in /opt/airflow/dags
[2024-07-31T11:33:46.614+0000] {manager.py:887} INFO - 
================================================================================
DAG File Processing Stats

File Path                                                  PID  Runtime      # DAGs    # Errors  Last Runtime    Last Run
-------------------------------------------------------  -----  ---------  --------  ----------  --------------  ----------
/opt/airflow/dags/osm_to_geojson_to_html_mongodb_dag.py    167  0.03s             0           0
================================================================================
[2024-07-31T11:34:16.917+0000] {manager.py:887} INFO - 
================================================================================
DAG File Processing Stats

File Path                                                  PID  Runtime      # DAGs    # Errors  Last Runtime    Last Run
-------------------------------------------------------  -----  ---------  --------  ----------  --------------  -------------------
/opt/airflow/dags/osm_to_geojson_to_html_mongodb_dag.py    172  0.01s             0           1  0.09s           2024-07-31T11:33:46
================================================================================
[2024-07-31T11:34:47.336+0000] {manager.py:887} INFO - 
================================================================================
DAG File Processing Stats

File Path                                                  PID  Runtime      # DAGs    # Errors  Last Runtime    Last Run
-------------------------------------------------------  -----  ---------  --------  ----------  --------------  -------------------
/opt/airflow/dags/osm_to_geojson_to_html_mongodb_dag.py    177  0.01s             0           1  0.12s           2024-07-31T11:34:17
================================================================================
[2024-07-31T11:35:17.680+0000] {manager.py:887} INFO - 
================================================================================
DAG File Processing Stats

File Path                                                  PID  Runtime      # DAGs    # Errors  Last Runtime    Last Run
-------------------------------------------------------  -----  ---------  --------  ----------  --------------  -------------------
/opt/airflow/dags/osm_to_geojson_to_html_mongodb_dag.py    182  0.01s             0           1  0.11s           2024-07-31T11:34:47
================================================================================
[2024-07-31T11:35:48.171+0000] {manager.py:887} INFO - 
================================================================================
DAG File Processing Stats

File Path                                                  PID  Runtime      # DAGs    # Errors  Last Runtime    Last Run
-------------------------------------------------------  -----  ---------  --------  ----------  --------------  -------------------
/opt/airflow/dags/osm_to_geojson_to_html_mongodb_dag.py    187  0.06s             0           1  0.13s           2024-07-31T11:35:17
================================================================================
[2024-07-31T11:36:18.510+0000] {manager.py:887} INFO - 
================================================================================
DAG File Processing Stats

File Path                                                  PID  Runtime      # DAGs    # Errors  Last Runtime    Last Run
-------------------------------------------------------  -----  ---------  --------  ----------  --------------  -------------------
/opt/airflow/dags/osm_to_geojson_to_html_mongodb_dag.py    192  0.01s             0           1  0.17s           2024-07-31T11:35:48
================================================================================
[2024-07-31T11:36:48.965+0000] {manager.py:887} INFO - 
================================================================================
DAG File Processing Stats

File Path                                                  PID  Runtime      # DAGs    # Errors  Last Runtime    Last Run
-------------------------------------------------------  -----  ---------  --------  ----------  --------------  -------------------
/opt/airflow/dags/osm_to_geojson_to_html_mongodb_dag.py    197  0.01s             0           1  0.10s           2024-07-31T11:36:18
================================================================================
[2024-07-31T11:37:19.338+0000] {manager.py:887} INFO - 
================================================================================
DAG File Processing Stats

File Path                                                  PID  Runtime      # DAGs    # Errors  Last Runtime    Last Run
-------------------------------------------------------  -----  ---------  --------  ----------  --------------  -------------------
/opt/airflow/dags/osm_to_geojson_to_html_mongodb_dag.py    202  0.02s             0           1  0.13s           2024-07-31T11:36:49
================================================================================
[2024-07-31T11:37:49.733+0000] {manager.py:887} INFO - 
================================================================================
DAG File Processing Stats

File Path                                                  PID  Runtime      # DAGs    # Errors  Last Runtime    Last Run
-------------------------------------------------------  -----  ---------  --------  ----------  --------------  -------------------
/opt/airflow/dags/osm_to_geojson_to_html_mongodb_dag.py    207  0.01s             0           1  0.14s           2024-07-31T11:37:19
================================================================================
[2024-07-31T11:38:20.158+0000] {manager.py:887} INFO - 
================================================================================
DAG File Processing Stats

File Path                                                  PID  Runtime      # DAGs    # Errors  Last Runtime    Last Run
-------------------------------------------------------  -----  ---------  --------  ----------  --------------  -------------------
/opt/airflow/dags/osm_to_geojson_to_html_mongodb_dag.py    212  0.03s             0           1  0.10s           2024-07-31T11:37:49
================================================================================
[2024-07-31T11:38:46.504+0000] {manager.py:755} INFO - Searching for files in /opt/airflow/dags
[2024-07-31T11:38:46.525+0000] {manager.py:758} INFO - There are 1 files in /opt/airflow/dags
[2024-07-31T11:38:50.520+0000] {manager.py:887} INFO - 
================================================================================
DAG File Processing Stats

File Path                                                  PID  Runtime      # DAGs    # Errors  Last Runtime    Last Run
-------------------------------------------------------  -----  ---------  --------  ----------  --------------  -------------------
/opt/airflow/dags/osm_to_geojson_to_html_mongodb_dag.py    217  0.02s             0           1  0.14s           2024-07-31T11:38:20
================================================================================
[2024-07-31T11:39:20.858+0000] {manager.py:887} INFO - 
================================================================================
DAG File Processing Stats

File Path                                                  PID  Runtime      # DAGs    # Errors  Last Runtime    Last Run
-------------------------------------------------------  -----  ---------  --------  ----------  --------------  -------------------
/opt/airflow/dags/osm_to_geojson_to_html_mongodb_dag.py    222  0.00s             0           1  0.14s           2024-07-31T11:38:50
================================================================================
[2024-07-31T11:39:51.216+0000] {manager.py:887} INFO - 
================================================================================
DAG File Processing Stats

File Path                                                  PID  Runtime      # DAGs    # Errors  Last Runtime    Last Run
-------------------------------------------------------  -----  ---------  --------  ----------  --------------  -------------------
/opt/airflow/dags/osm_to_geojson_to_html_mongodb_dag.py    227  0.03s             0           1  0.09s           2024-07-31T11:39:20
================================================================================
[2024-07-31T11:40:21.610+0000] {manager.py:887} INFO - 
================================================================================
DAG File Processing Stats

File Path                                                  PID  Runtime      # DAGs    # Errors  Last Runtime    Last Run
-------------------------------------------------------  -----  ---------  --------  ----------  --------------  -------------------
/opt/airflow/dags/osm_to_geojson_to_html_mongodb_dag.py    232  0.03s             0           1  0.14s           2024-07-31T11:39:51
================================================================================
[2024-07-31T11:40:52.058+0000] {manager.py:887} INFO - 
================================================================================
DAG File Processing Stats

File Path                                                  PID  Runtime      # DAGs    # Errors  Last Runtime    Last Run
-------------------------------------------------------  -----  ---------  --------  ----------  --------------  -------------------
/opt/airflow/dags/osm_to_geojson_to_html_mongodb_dag.py    237  0.03s             0           1  0.16s           2024-07-31T11:40:21
================================================================================
[2024-07-31T11:41:22.488+0000] {manager.py:887} INFO - 
================================================================================
DAG File Processing Stats

File Path                                                  PID  Runtime      # DAGs    # Errors  Last Runtime    Last Run
-------------------------------------------------------  -----  ---------  --------  ----------  --------------  -------------------
/opt/airflow/dags/osm_to_geojson_to_html_mongodb_dag.py    242  0.01s             0           1  0.14s           2024-07-31T11:40:52
================================================================================
[2024-07-31T11:41:52.907+0000] {manager.py:887} INFO - 
================================================================================
DAG File Processing Stats

File Path                                                  PID  Runtime      # DAGs    # Errors  Last Runtime    Last Run
-------------------------------------------------------  -----  ---------  --------  ----------  --------------  -------------------
/opt/airflow/dags/osm_to_geojson_to_html_mongodb_dag.py    247  0.02s             0           1  0.10s           2024-07-31T11:41:22
================================================================================
[2024-07-31T11:42:23.251+0000] {manager.py:887} INFO - 
================================================================================
DAG File Processing Stats

File Path                                                  PID  Runtime      # DAGs    # Errors  Last Runtime    Last Run
-------------------------------------------------------  -----  ---------  --------  ----------  --------------  -------------------
/opt/airflow/dags/osm_to_geojson_to_html_mongodb_dag.py    252  0.01s             0           1  0.13s           2024-07-31T11:41:53
================================================================================
[2024-07-31T11:42:53.640+0000] {manager.py:887} INFO - 
================================================================================
DAG File Processing Stats

File Path                                                  PID  Runtime      # DAGs    # Errors  Last Runtime    Last Run
-------------------------------------------------------  -----  ---------  --------  ----------  --------------  -------------------
/opt/airflow/dags/osm_to_geojson_to_html_mongodb_dag.py    257  0.02s             0           1  0.10s           2024-07-31T11:42:23
================================================================================
[2024-07-31T11:43:24.031+0000] {manager.py:887} INFO - 
================================================================================
DAG File Processing Stats

File Path                                                  PID  Runtime      # DAGs    # Errors  Last Runtime    Last Run
-------------------------------------------------------  -----  ---------  --------  ----------  --------------  -------------------
/opt/airflow/dags/osm_to_geojson_to_html_mongodb_dag.py    262  0.02s             0           1  0.13s           2024-07-31T11:42:53
================================================================================
[2024-07-31T11:43:46.505+0000] {manager.py:755} INFO - Searching for files in /opt/airflow/dags
[2024-07-31T11:43:46.514+0000] {manager.py:758} INFO - There are 1 files in /opt/airflow/dags
[2024-07-31T11:43:54.392+0000] {manager.py:887} INFO - 
================================================================================
DAG File Processing Stats

File Path                                                  PID  Runtime      # DAGs    # Errors  Last Runtime    Last Run
-------------------------------------------------------  -----  ---------  --------  ----------  --------------  -------------------
/opt/airflow/dags/osm_to_geojson_to_html_mongodb_dag.py    267  0.01s             0           1  0.29s           2024-07-31T11:43:24
================================================================================
[2024-07-31T11:44:24.748+0000] {manager.py:887} INFO - 
================================================================================
DAG File Processing Stats

File Path                                                  PID  Runtime      # DAGs    # Errors  Last Runtime    Last Run
-------------------------------------------------------  -----  ---------  --------  ----------  --------------  -------------------
/opt/airflow/dags/osm_to_geojson_to_html_mongodb_dag.py    272  0.05s             0           1  0.12s           2024-07-31T11:43:54
================================================================================
[2024-07-31T11:44:55.148+0000] {manager.py:887} INFO - 
================================================================================
DAG File Processing Stats

File Path                                                  PID  Runtime      # DAGs    # Errors  Last Runtime    Last Run
-------------------------------------------------------  -----  ---------  --------  ----------  --------------  -------------------
/opt/airflow/dags/osm_to_geojson_to_html_mongodb_dag.py    277  0.03s             0           1  0.20s           2024-07-31T11:44:24
================================================================================
[2024-07-31T11:45:25.512+0000] {manager.py:887} INFO - 
================================================================================
DAG File Processing Stats

File Path                                                  PID  Runtime      # DAGs    # Errors  Last Runtime    Last Run
-------------------------------------------------------  -----  ---------  --------  ----------  --------------  -------------------
/opt/airflow/dags/osm_to_geojson_to_html_mongodb_dag.py    282  0.01s             0           1  0.16s           2024-07-31T11:44:55
================================================================================
[2024-07-31T11:45:55.890+0000] {manager.py:887} INFO - 
================================================================================
DAG File Processing Stats

File Path                                                  PID  Runtime      # DAGs    # Errors  Last Runtime    Last Run
-------------------------------------------------------  -----  ---------  --------  ----------  --------------  -------------------
/opt/airflow/dags/osm_to_geojson_to_html_mongodb_dag.py    287  0.03s             0           1  0.16s           2024-07-31T11:45:25
================================================================================
[2024-07-31T11:46:26.278+0000] {manager.py:887} INFO - 
================================================================================
DAG File Processing Stats

File Path                                                  PID  Runtime      # DAGs    # Errors  Last Runtime    Last Run
-------------------------------------------------------  -----  ---------  --------  ----------  --------------  -------------------
/opt/airflow/dags/osm_to_geojson_to_html_mongodb_dag.py    292  0.01s             0           1  0.13s           2024-07-31T11:45:55
================================================================================
[2024-07-31T11:46:56.600+0000] {manager.py:887} INFO - 
================================================================================
DAG File Processing Stats

File Path                                                  PID  Runtime      # DAGs    # Errors  Last Runtime    Last Run
-------------------------------------------------------  -----  ---------  --------  ----------  --------------  -------------------
/opt/airflow/dags/osm_to_geojson_to_html_mongodb_dag.py    297  0.01s             0           1  0.11s           2024-07-31T11:46:26
================================================================================
[2024-07-31T11:47:27.010+0000] {manager.py:887} INFO - 
================================================================================
DAG File Processing Stats

File Path                                                  PID  Runtime      # DAGs    # Errors  Last Runtime    Last Run
-------------------------------------------------------  -----  ---------  --------  ----------  --------------  -------------------
/opt/airflow/dags/osm_to_geojson_to_html_mongodb_dag.py    302  0.01s             0           1  0.11s           2024-07-31T11:46:56
================================================================================
[2024-07-31T11:47:57.411+0000] {manager.py:887} INFO - 
================================================================================
DAG File Processing Stats

File Path                                                  PID  Runtime      # DAGs    # Errors  Last Runtime    Last Run
-------------------------------------------------------  -----  ---------  --------  ----------  --------------  -------------------
/opt/airflow/dags/osm_to_geojson_to_html_mongodb_dag.py    307  0.01s             0           1  0.10s           2024-07-31T11:47:27
================================================================================
[2024-07-31T11:48:17.432+0000] {manager.py:469} INFO - Exiting gracefully upon receiving signal 15
[2024-07-31T11:52:29.242+0000] {manager.py:487} INFO - Processing files using up to 2 processes at a time 
[2024-07-31T11:52:29.244+0000] {manager.py:488} INFO - Process each file at most once every 30 seconds
[2024-07-31T11:52:29.245+0000] {manager.py:489} INFO - Checking for new files in /opt/airflow/dags every 300 seconds
[2024-07-31T11:52:29.246+0000] {manager.py:755} INFO - Searching for files in /opt/airflow/dags
[2024-07-31T11:52:29.264+0000] {manager.py:758} INFO - There are 1 files in /opt/airflow/dags
[2024-07-31T11:52:29.388+0000] {manager.py:887} INFO - 
================================================================================
DAG File Processing Stats

File Path                                                  PID  Runtime      # DAGs    # Errors  Last Runtime    Last Run
-------------------------------------------------------  -----  ---------  --------  ----------  --------------  ----------
/opt/airflow/dags/osm_to_geojson_to_html_mongodb_dag.py    166  0.03s             0           0
================================================================================
[2024-07-31T11:52:59.747+0000] {manager.py:887} INFO - 
================================================================================
DAG File Processing Stats

File Path                                                  PID  Runtime      # DAGs    # Errors  Last Runtime    Last Run
-------------------------------------------------------  -----  ---------  --------  ----------  --------------  -------------------
/opt/airflow/dags/osm_to_geojson_to_html_mongodb_dag.py    171  0.02s             0           1  0.09s           2024-07-31T11:52:29
================================================================================
[2024-07-31T11:53:30.249+0000] {manager.py:887} INFO - 
================================================================================
DAG File Processing Stats

File Path                                                  PID  Runtime      # DAGs    # Errors  Last Runtime    Last Run
-------------------------------------------------------  -----  ---------  --------  ----------  --------------  -------------------
/opt/airflow/dags/osm_to_geojson_to_html_mongodb_dag.py    176  0.02s             0           1  0.19s           2024-07-31T11:52:59
================================================================================
[2024-07-31T11:54:00.606+0000] {manager.py:887} INFO - 
================================================================================
DAG File Processing Stats

File Path                                                  PID  Runtime      # DAGs    # Errors  Last Runtime    Last Run
-------------------------------------------------------  -----  ---------  --------  ----------  --------------  -------------------
/opt/airflow/dags/osm_to_geojson_to_html_mongodb_dag.py    181  0.01s             0           1  0.12s           2024-07-31T11:53:30
================================================================================
[2024-07-31T11:54:31.024+0000] {manager.py:887} INFO - 
================================================================================
DAG File Processing Stats

File Path                                                  PID  Runtime      # DAGs    # Errors  Last Runtime    Last Run
-------------------------------------------------------  -----  ---------  --------  ----------  --------------  -------------------
/opt/airflow/dags/osm_to_geojson_to_html_mongodb_dag.py    186  0.02s             0           1  0.10s           2024-07-31T11:54:00
================================================================================
[2024-07-31T11:55:01.470+0000] {manager.py:887} INFO - 
================================================================================
DAG File Processing Stats

File Path                                                  PID  Runtime      # DAGs    # Errors  Last Runtime    Last Run
-------------------------------------------------------  -----  ---------  --------  ----------  --------------  -------------------
/opt/airflow/dags/osm_to_geojson_to_html_mongodb_dag.py    191  0.02s             0           1  0.14s           2024-07-31T11:54:31
================================================================================
[2024-07-31T11:55:31.884+0000] {manager.py:887} INFO - 
================================================================================
DAG File Processing Stats

File Path                                                  PID  Runtime      # DAGs    # Errors  Last Runtime    Last Run
-------------------------------------------------------  -----  ---------  --------  ----------  --------------  -------------------
/opt/airflow/dags/osm_to_geojson_to_html_mongodb_dag.py    196  0.00s             0           1  0.12s           2024-07-31T11:55:01
================================================================================
[2024-07-31T11:56:02.340+0000] {manager.py:887} INFO - 
================================================================================
DAG File Processing Stats

File Path                                                  PID  Runtime      # DAGs    # Errors  Last Runtime    Last Run
-------------------------------------------------------  -----  ---------  --------  ----------  --------------  -------------------
/opt/airflow/dags/osm_to_geojson_to_html_mongodb_dag.py    201  0.04s             0           1  0.08s           2024-07-31T11:55:31
================================================================================
[2024-07-31T11:56:32.791+0000] {manager.py:887} INFO - 
================================================================================
DAG File Processing Stats

File Path                                                  PID  Runtime      # DAGs    # Errors  Last Runtime    Last Run
-------------------------------------------------------  -----  ---------  --------  ----------  --------------  -------------------
/opt/airflow/dags/osm_to_geojson_to_html_mongodb_dag.py    206  0.03s             0           1  0.15s           2024-07-31T11:56:02
================================================================================
[2024-07-31T11:57:03.155+0000] {manager.py:887} INFO - 
================================================================================
DAG File Processing Stats

File Path                                                  PID  Runtime      # DAGs    # Errors  Last Runtime    Last Run
-------------------------------------------------------  -----  ---------  --------  ----------  --------------  -------------------
/opt/airflow/dags/osm_to_geojson_to_html_mongodb_dag.py    211  0.01s             0           1  0.15s           2024-07-31T11:56:32
================================================================================
[2024-07-31T11:57:29.470+0000] {manager.py:755} INFO - Searching for files in /opt/airflow/dags
[2024-07-31T11:57:29.478+0000] {manager.py:758} INFO - There are 1 files in /opt/airflow/dags
[2024-07-31T11:57:33.586+0000] {manager.py:887} INFO - 
================================================================================
DAG File Processing Stats

File Path                                                  PID  Runtime      # DAGs    # Errors  Last Runtime    Last Run
-------------------------------------------------------  -----  ---------  --------  ----------  --------------  -------------------
/opt/airflow/dags/osm_to_geojson_to_html_mongodb_dag.py    216  0.02s             0           1  0.10s           2024-07-31T11:57:03
================================================================================
[2024-07-31T11:58:03.958+0000] {manager.py:887} INFO - 
================================================================================
DAG File Processing Stats

File Path                                                  PID  Runtime      # DAGs    # Errors  Last Runtime    Last Run
-------------------------------------------------------  -----  ---------  --------  ----------  --------------  -------------------
/opt/airflow/dags/osm_to_geojson_to_html_mongodb_dag.py    221  0.04s             0           1  0.13s           2024-07-31T11:57:33
================================================================================
[2024-07-31T11:58:34.292+0000] {manager.py:887} INFO - 
================================================================================
DAG File Processing Stats

File Path                                                  PID  Runtime      # DAGs    # Errors  Last Runtime    Last Run
-------------------------------------------------------  -----  ---------  --------  ----------  --------------  -------------------
/opt/airflow/dags/osm_to_geojson_to_html_mongodb_dag.py    226  0.01s             0           1  0.14s           2024-07-31T11:58:04
================================================================================
[2024-07-31T11:59:04.692+0000] {manager.py:887} INFO - 
================================================================================
DAG File Processing Stats

File Path                                                  PID  Runtime      # DAGs    # Errors  Last Runtime    Last Run
-------------------------------------------------------  -----  ---------  --------  ----------  --------------  -------------------
/opt/airflow/dags/osm_to_geojson_to_html_mongodb_dag.py    231  0.03s             0           1  0.12s           2024-07-31T11:58:34
================================================================================
[2024-07-31T11:59:35.115+0000] {manager.py:887} INFO - 
================================================================================
DAG File Processing Stats

File Path                                                  PID  Runtime      # DAGs    # Errors  Last Runtime    Last Run
-------------------------------------------------------  -----  ---------  --------  ----------  --------------  -------------------
/opt/airflow/dags/osm_to_geojson_to_html_mongodb_dag.py    236  0.03s             0           1  0.13s           2024-07-31T11:59:04
================================================================================
[2024-07-31T12:00:05.513+0000] {manager.py:887} INFO - 
================================================================================
DAG File Processing Stats

File Path                                                  PID  Runtime      # DAGs    # Errors  Last Runtime    Last Run
-------------------------------------------------------  -----  ---------  --------  ----------  --------------  -------------------
/opt/airflow/dags/osm_to_geojson_to_html_mongodb_dag.py    241  0.01s             0           1  0.14s           2024-07-31T11:59:35
================================================================================
[2024-07-31T12:00:35.918+0000] {manager.py:887} INFO - 
================================================================================
DAG File Processing Stats

File Path                                                  PID  Runtime      # DAGs    # Errors  Last Runtime    Last Run
-------------------------------------------------------  -----  ---------  --------  ----------  --------------  -------------------
/opt/airflow/dags/osm_to_geojson_to_html_mongodb_dag.py    246  0.02s             0           1  0.09s           2024-07-31T12:00:05
================================================================================
[2024-07-31T12:01:06.390+0000] {manager.py:887} INFO - 
================================================================================
DAG File Processing Stats

File Path                                                  PID  Runtime      # DAGs    # Errors  Last Runtime    Last Run
-------------------------------------------------------  -----  ---------  --------  ----------  --------------  -------------------
/opt/airflow/dags/osm_to_geojson_to_html_mongodb_dag.py    251  0.05s             0           1  0.12s           2024-07-31T12:00:36
================================================================================
[2024-07-31T12:01:36.780+0000] {manager.py:887} INFO - 
================================================================================
DAG File Processing Stats

File Path                                                  PID  Runtime      # DAGs    # Errors  Last Runtime    Last Run
-------------------------------------------------------  -----  ---------  --------  ----------  --------------  -------------------
/opt/airflow/dags/osm_to_geojson_to_html_mongodb_dag.py    256  0.01s             0           1  0.15s           2024-07-31T12:01:06
================================================================================
[2024-07-31T12:02:07.209+0000] {manager.py:887} INFO - 
================================================================================
DAG File Processing Stats

File Path                                                  PID  Runtime      # DAGs    # Errors  Last Runtime    Last Run
-------------------------------------------------------  -----  ---------  --------  ----------  --------------  -------------------
/opt/airflow/dags/osm_to_geojson_to_html_mongodb_dag.py    261  0.02s             0           1  0.09s           2024-07-31T12:01:36
================================================================================
[2024-07-31T12:04:19.726+0000] {manager.py:755} INFO - Searching for files in /opt/airflow/dags
[2024-07-31T12:04:19.731+0000] {manager.py:758} INFO - There are 1 files in /opt/airflow/dags
[2024-07-31T12:04:39.066+0000] {manager.py:887} INFO - 
================================================================================
DAG File Processing Stats

File Path                                                PID    Runtime      # DAGs    # Errors  Last Runtime    Last Run
-------------------------------------------------------  -----  ---------  --------  ----------  --------------  -------------------
/opt/airflow/dags/osm_to_geojson_to_html_mongodb_dag.py                           0           1  0.08s           2024-07-31T12:04:19
================================================================================
[2024-07-31T12:09:19.824+0000] {manager.py:755} INFO - Searching for files in /opt/airflow/dags
[2024-07-31T12:09:19.857+0000] {manager.py:758} INFO - There are 1 files in /opt/airflow/dags
[2024-07-31T12:09:20.193+0000] {manager.py:469} INFO - Exiting gracefully upon receiving signal 15
[2024-07-31T12:10:23.541+0000] {manager.py:487} INFO - Processing files using up to 2 processes at a time 
[2024-07-31T12:10:23.542+0000] {manager.py:488} INFO - Process each file at most once every 30 seconds
[2024-07-31T12:10:23.542+0000] {manager.py:489} INFO - Checking for new files in /opt/airflow/dags every 300 seconds
[2024-07-31T12:10:23.545+0000] {manager.py:755} INFO - Searching for files in /opt/airflow/dags
[2024-07-31T12:10:23.565+0000] {manager.py:758} INFO - There are 1 files in /opt/airflow/dags
[2024-07-31T12:10:23.695+0000] {manager.py:887} INFO - 
================================================================================
DAG File Processing Stats

File Path                                                  PID  Runtime      # DAGs    # Errors  Last Runtime    Last Run
-------------------------------------------------------  -----  ---------  --------  ----------  --------------  ----------
/opt/airflow/dags/osm_to_geojson_to_html_mongodb_dag.py    166  0.04s             0           0
================================================================================
[2024-07-31T12:10:54.058+0000] {manager.py:887} INFO - 
================================================================================
DAG File Processing Stats

File Path                                                  PID  Runtime      # DAGs    # Errors  Last Runtime    Last Run
-------------------------------------------------------  -----  ---------  --------  ----------  --------------  -------------------
/opt/airflow/dags/osm_to_geojson_to_html_mongodb_dag.py    171  0.01s             0           1  0.11s           2024-07-31T12:10:23
================================================================================
[2024-07-31T12:11:24.474+0000] {manager.py:887} INFO - 
================================================================================
DAG File Processing Stats

File Path                                                  PID  Runtime      # DAGs    # Errors  Last Runtime    Last Run
-------------------------------------------------------  -----  ---------  --------  ----------  --------------  -------------------
/opt/airflow/dags/osm_to_geojson_to_html_mongodb_dag.py    176  0.01s             0           1  0.12s           2024-07-31T12:10:54
================================================================================
[2024-07-31T12:11:54.848+0000] {manager.py:887} INFO - 
================================================================================
DAG File Processing Stats

File Path                                                  PID  Runtime      # DAGs    # Errors  Last Runtime    Last Run
-------------------------------------------------------  -----  ---------  --------  ----------  --------------  -------------------
/opt/airflow/dags/osm_to_geojson_to_html_mongodb_dag.py    181  0.01s             0           1  0.09s           2024-07-31T12:11:24
================================================================================
[2024-07-31T12:12:17.735+0000] {manager.py:469} INFO - Exiting gracefully upon receiving signal 15
[2024-07-31T12:12:40.454+0000] {manager.py:487} INFO - Processing files using up to 2 processes at a time 
[2024-07-31T12:12:40.455+0000] {manager.py:488} INFO - Process each file at most once every 30 seconds
[2024-07-31T12:12:40.455+0000] {manager.py:489} INFO - Checking for new files in /opt/airflow/dags every 300 seconds
[2024-07-31T12:12:40.456+0000] {manager.py:755} INFO - Searching for files in /opt/airflow/dags
[2024-07-31T12:12:40.465+0000] {manager.py:758} INFO - There are 1 files in /opt/airflow/dags
[2024-07-31T12:12:40.574+0000] {manager.py:887} INFO - 
================================================================================
DAG File Processing Stats

File Path                                                  PID  Runtime      # DAGs    # Errors  Last Runtime    Last Run
-------------------------------------------------------  -----  ---------  --------  ----------  --------------  ----------
/opt/airflow/dags/osm_to_geojson_to_html_mongodb_dag.py    167  0.03s             0           0
================================================================================
[2024-07-31T12:13:10.886+0000] {manager.py:887} INFO - 
================================================================================
DAG File Processing Stats

File Path                                                  PID  Runtime      # DAGs    # Errors  Last Runtime    Last Run
-------------------------------------------------------  -----  ---------  --------  ----------  --------------  -------------------
/opt/airflow/dags/osm_to_geojson_to_html_mongodb_dag.py    172  0.02s             0           1  0.10s           2024-07-31T12:12:40
================================================================================
[2024-07-31T12:13:41.297+0000] {manager.py:887} INFO - 
================================================================================
DAG File Processing Stats

File Path                                                  PID  Runtime      # DAGs    # Errors  Last Runtime    Last Run
-------------------------------------------------------  -----  ---------  --------  ----------  --------------  -------------------
/opt/airflow/dags/osm_to_geojson_to_html_mongodb_dag.py    177  0.01s             0           1  0.12s           2024-07-31T12:13:10
================================================================================
[2024-07-31T12:14:11.702+0000] {manager.py:887} INFO - 
================================================================================
DAG File Processing Stats

File Path                                                  PID  Runtime      # DAGs    # Errors  Last Runtime    Last Run
-------------------------------------------------------  -----  ---------  --------  ----------  --------------  -------------------
/opt/airflow/dags/osm_to_geojson_to_html_mongodb_dag.py    182  0.01s             0           1  0.10s           2024-07-31T12:13:41
================================================================================
[2024-07-31T12:14:42.115+0000] {manager.py:887} INFO - 
================================================================================
DAG File Processing Stats

File Path                                                  PID  Runtime      # DAGs    # Errors  Last Runtime    Last Run
-------------------------------------------------------  -----  ---------  --------  ----------  --------------  -------------------
/opt/airflow/dags/osm_to_geojson_to_html_mongodb_dag.py    187  0.03s             0           1  0.11s           2024-07-31T12:14:11
================================================================================
[2024-07-31T13:11:48.212+0000] {manager.py:487} INFO - Processing files using up to 2 processes at a time 
[2024-07-31T13:11:48.217+0000] {manager.py:488} INFO - Process each file at most once every 30 seconds
[2024-07-31T13:11:48.220+0000] {manager.py:489} INFO - Checking for new files in /opt/airflow/dags every 300 seconds
[2024-07-31T13:11:48.224+0000] {manager.py:755} INFO - Searching for files in /opt/airflow/dags
[2024-07-31T13:11:48.236+0000] {manager.py:758} INFO - There are 1 files in /opt/airflow/dags
[2024-07-31T13:11:48.348+0000] {manager.py:887} INFO - 
================================================================================
DAG File Processing Stats

File Path                                                  PID  Runtime      # DAGs    # Errors  Last Runtime    Last Run
-------------------------------------------------------  -----  ---------  --------  ----------  --------------  ----------
/opt/airflow/dags/osm_to_geojson_to_html_mongodb_dag.py    167  0.04s             0           0
================================================================================
[2024-07-31T13:12:18.636+0000] {manager.py:887} INFO - 
================================================================================
DAG File Processing Stats

File Path                                                  PID  Runtime      # DAGs    # Errors  Last Runtime    Last Run
-------------------------------------------------------  -----  ---------  --------  ----------  --------------  -------------------
/opt/airflow/dags/osm_to_geojson_to_html_mongodb_dag.py    172  0.01s             0           1  0.10s           2024-07-31T13:11:48
================================================================================
[2024-07-31T13:12:49.134+0000] {manager.py:887} INFO - 
================================================================================
DAG File Processing Stats

File Path                                                  PID  Runtime      # DAGs    # Errors  Last Runtime    Last Run
-------------------------------------------------------  -----  ---------  --------  ----------  --------------  -------------------
/opt/airflow/dags/osm_to_geojson_to_html_mongodb_dag.py    177  0.04s             0           1  0.12s           2024-07-31T13:12:18
================================================================================
[2024-07-31T13:13:19.597+0000] {manager.py:887} INFO - 
================================================================================
DAG File Processing Stats

File Path                                                  PID  Runtime      # DAGs    # Errors  Last Runtime    Last Run
-------------------------------------------------------  -----  ---------  --------  ----------  --------------  -------------------
/opt/airflow/dags/osm_to_geojson_to_html_mongodb_dag.py    182  0.02s             0           1  0.15s           2024-07-31T13:12:49
================================================================================
[2024-07-31T13:13:50.052+0000] {manager.py:887} INFO - 
================================================================================
DAG File Processing Stats

File Path                                                  PID  Runtime      # DAGs    # Errors  Last Runtime    Last Run
-------------------------------------------------------  -----  ---------  --------  ----------  --------------  -------------------
/opt/airflow/dags/osm_to_geojson_to_html_mongodb_dag.py    187  0.05s             0           1  0.12s           2024-07-31T13:13:19
================================================================================
[2024-07-31T13:14:20.610+0000] {manager.py:887} INFO - 
================================================================================
DAG File Processing Stats

File Path                                                  PID  Runtime      # DAGs    # Errors  Last Runtime    Last Run
-------------------------------------------------------  -----  ---------  --------  ----------  --------------  -------------------
/opt/airflow/dags/osm_to_geojson_to_html_mongodb_dag.py    192  0.15s             0           1  0.24s           2024-07-31T13:13:50
================================================================================
[2024-07-31T13:14:51.191+0000] {manager.py:887} INFO - 
================================================================================
DAG File Processing Stats

File Path                                                  PID  Runtime      # DAGs    # Errors  Last Runtime    Last Run
-------------------------------------------------------  -----  ---------  --------  ----------  --------------  -------------------
/opt/airflow/dags/osm_to_geojson_to_html_mongodb_dag.py    197  0.03s             0           1  0.30s           2024-07-31T13:14:20
================================================================================
[2024-07-31T13:15:20.607+0000] {manager.py:469} INFO - Exiting gracefully upon receiving signal 15
[2024-07-31T13:17:43.426+0000] {manager.py:487} INFO - Processing files using up to 2 processes at a time 
[2024-07-31T13:17:43.427+0000] {manager.py:488} INFO - Process each file at most once every 30 seconds
[2024-07-31T13:17:43.427+0000] {manager.py:489} INFO - Checking for new files in /opt/airflow/dags every 300 seconds
[2024-07-31T13:17:43.427+0000] {manager.py:755} INFO - Searching for files in /opt/airflow/dags
[2024-07-31T13:17:43.431+0000] {manager.py:758} INFO - There are 1 files in /opt/airflow/dags
[2024-07-31T13:17:43.554+0000] {manager.py:887} INFO - 
================================================================================
DAG File Processing Stats

File Path                                                  PID  Runtime      # DAGs    # Errors  Last Runtime    Last Run
-------------------------------------------------------  -----  ---------  --------  ----------  --------------  ----------
/opt/airflow/dags/osm_to_geojson_to_html_mongodb_dag.py    166  0.03s             0           0
================================================================================
